{
  "Cucumber": {
    "coverage": {
      "/Users/nikhgupta/Code/ideas/curated_shop/app/controllers/application_controller.rb": [
        1,
        1,
        null,
        null,
        1,
        null
      ],
      "/Users/nikhgupta/Code/ideas/curated_shop/app/helpers/application_helper.rb": [
        1,
        null
      ],
      "/Users/nikhgupta/Code/ideas/curated_shop/app/helpers/products_helper.rb": [
        1,
        null
      ],
      "/Users/nikhgupta/Code/ideas/curated_shop/app/helpers/providers_helper.rb": [
        1,
        null
      ],
      "/Users/nikhgupta/Code/ideas/curated_shop/app/models/user.rb": [
        1,
        1,
        null,
        1,
        null,
        1,
        1,
        null,
        null,
        1,
        null,
        null,
        1,
        12,
        null,
        null
      ],
      "/Users/nikhgupta/Code/ideas/curated_shop/app/models/concerns/sluggable.rb": [
        1,
        1,
        null,
        1,
        4,
        4,
        null,
        4,
        null,
        null,
        4,
        null,
        4,
        58,
        null,
        null,
        4,
        null,
        4,
        36,
        null,
        0,
        0,
        0,
        0,
        null,
        0,
        0,
        null,
        null,
        4,
        58,
        464,
        null,
        null,
        null,
        1,
        1,
        2,
        null,
        null,
        null
      ],
      "/Users/nikhgupta/Code/ideas/curated_shop/app/admin/brand.rb": [
        1,
        null,
        null,
        null,
        null,
        null,
        null,
        null,
        null,
        null,
        null,
        null,
        null,
        null,
        null,
        null,
        null
      ],
      "/Users/nikhgupta/Code/ideas/curated_shop/app/models/brand.rb": [
        1,
        1,
        1,
        null,
        1,
        1,
        null,
        1,
        8,
        null,
        null
      ],
      "/Users/nikhgupta/Code/ideas/curated_shop/app/admin/dashboard.rb": [
        1,
        null,
        1,
        null,
        1,
        0,
        0,
        0,
        0,
        null,
        null,
        null,
        null,
        null,
        null,
        null,
        null,
        null,
        null,
        null,
        null,
        null,
        null,
        null,
        null,
        null,
        null,
        null,
        null,
        null,
        null,
        null,
        null
      ],
      "/Users/nikhgupta/Code/ideas/curated_shop/app/admin/image.rb": [
        1,
        null,
        null,
        null,
        null,
        null,
        null,
        null,
        null,
        null,
        null,
        null,
        null,
        null,
        null,
        null,
        null
      ],
      "/Users/nikhgupta/Code/ideas/curated_shop/app/models/image.rb": [
        1,
        1,
        null
      ],
      "/Users/nikhgupta/Code/ideas/curated_shop/app/admin/product.rb": [
        1,
        null,
        null,
        null,
        null,
        null,
        null,
        null,
        null,
        null,
        null,
        null,
        null,
        null,
        null,
        null,
        null
      ],
      "/Users/nikhgupta/Code/ideas/curated_shop/app/models/product.rb": [
        null,
        1,
        1,
        1,
        null,
        1,
        1,
        1,
        1,
        null,
        1,
        1,
        null,
        1,
        1,
        null,
        1,
        null,
        1,
        0,
        null,
        null,
        1,
        0,
        null,
        null,
        1,
        0,
        0,
        null,
        null,
        1,
        14,
        null,
        null
      ],
      "/Users/nikhgupta/Code/ideas/curated_shop/app/admin/provider.rb": [
        1,
        null,
        null,
        null,
        null,
        null,
        null,
        null,
        null,
        null,
        null,
        null,
        null,
        null,
        null,
        null,
        null
      ],
      "/Users/nikhgupta/Code/ideas/curated_shop/app/models/provider.rb": [
        1,
        1,
        null,
        1,
        1,
        null,
        1,
        16,
        null,
        null
      ],
      "/Users/nikhgupta/Code/ideas/curated_shop/app/admin/user.rb": [
        1,
        1,
        null,
        1,
        0,
        0,
        0,
        0,
        0,
        0,
        0,
        0,
        null,
        null,
        1,
        1,
        1,
        1,
        null,
        1,
        0,
        0,
        0,
        0,
        null,
        0,
        null,
        null,
        null
      ],
      "/Users/nikhgupta/Code/ideas/curated_shop/app/models/follow.rb": [
        1,
        1,
        null
      ],
      "/Users/nikhgupta/Code/ideas/curated_shop/app/models/like.rb": [
        1,
        1,
        null
      ]
    },
    "timestamp": 1436590379
  },
  "RSpec": {
    "coverage": {
      "/Users/nikhgupta/Code/ideas/curated_shop/app/controllers/application_controller.rb": [
        1,
        1,
        null,
        null,
        1,
        null
      ],
      "/Users/nikhgupta/Code/ideas/curated_shop/app/helpers/application_helper.rb": [
        1,
        null
      ],
      "/Users/nikhgupta/Code/ideas/curated_shop/app/helpers/products_helper.rb": [
        1,
        null
      ],
      "/Users/nikhgupta/Code/ideas/curated_shop/app/helpers/providers_helper.rb": [
        1,
        null
      ],
      "/Users/nikhgupta/Code/ideas/curated_shop/app/models/user.rb": [
        1,
        1,
        null,
        1,
        null,
        1,
        1,
        null,
        null,
        1,
        null,
        null,
        1,
        30,
        null,
        null
      ],
      "/Users/nikhgupta/Code/ideas/curated_shop/app/models/concerns/sluggable.rb": [
        1,
        1,
        null,
        1,
        4,
        4,
        null,
        4,
        null,
        null,
        4,
        null,
        4,
        200,
        null,
        null,
        4,
        null,
        4,
        122,
        null,
        0,
        0,
        0,
        0,
        null,
        0,
        0,
        null,
        null,
        4,
        200,
        1600,
        null,
        null,
        null,
        1,
        1,
        2,
        null,
        null,
        null
      ],
      "/Users/nikhgupta/Code/ideas/curated_shop/app/admin/brand.rb": [
        1,
        null,
        null,
        null,
        null,
        null,
        null,
        null,
        null,
        null,
        null,
        null,
        null,
        null,
        null,
        null,
        null
      ],
      "/Users/nikhgupta/Code/ideas/curated_shop/app/models/brand.rb": [
        1,
        1,
        1,
        null,
        1,
        1,
        null,
        1,
        43,
        null,
        null
      ],
      "/Users/nikhgupta/Code/ideas/curated_shop/app/admin/dashboard.rb": [
        1,
        null,
        1,
        null,
        1,
        0,
        0,
        0,
        0,
        null,
        null,
        null,
        null,
        null,
        null,
        null,
        null,
        null,
        null,
        null,
        null,
        null,
        null,
        null,
        null,
        null,
        null,
        null,
        null,
        null,
        null,
        null,
        null
      ],
      "/Users/nikhgupta/Code/ideas/curated_shop/app/admin/image.rb": [
        1,
        null,
        null,
        null,
        null,
        null,
        null,
        null,
        null,
        null,
        null,
        null,
        null,
        null,
        null,
        null,
        null
      ],
      "/Users/nikhgupta/Code/ideas/curated_shop/app/models/image.rb": [
        1,
        1,
        null
      ],
      "/Users/nikhgupta/Code/ideas/curated_shop/app/admin/product.rb": [
        1,
        null,
        null,
        null,
        null,
        null,
        null,
        null,
        null,
        null,
        null,
        null,
        null,
        null,
        null,
        null,
        null
      ],
      "/Users/nikhgupta/Code/ideas/curated_shop/app/models/product.rb": [
        null,
        1,
        1,
        1,
        null,
        1,
        1,
        1,
        1,
        null,
        1,
        1,
        null,
        1,
        1,
        null,
        1,
        null,
        1,
        0,
        null,
        null,
        1,
        15,
        null,
        null,
        1,
        0,
        0,
        null,
        null,
        1,
        44,
        null,
        null
      ],
      "/Users/nikhgupta/Code/ideas/curated_shop/app/admin/provider.rb": [
        1,
        null,
        null,
        null,
        null,
        null,
        null,
        null,
        null,
        null,
        null,
        null,
        null,
        null,
        null,
        null,
        null
      ],
      "/Users/nikhgupta/Code/ideas/curated_shop/app/models/provider.rb": [
        1,
        1,
        null,
        1,
        1,
        null,
        1,
        49,
        null,
        null
      ],
      "/Users/nikhgupta/Code/ideas/curated_shop/app/admin/user.rb": [
        1,
        1,
        null,
        1,
        0,
        0,
        0,
        0,
        0,
        0,
        0,
        0,
        null,
        null,
        1,
        1,
        1,
        1,
        null,
        1,
        0,
        0,
        0,
        0,
        null,
        0,
        null,
        null,
        null
      ],
      "/Users/nikhgupta/Code/ideas/curated_shop/app/controllers/products_controller.rb": [
        1,
        1,
        null,
        null,
        null,
        1,
        1,
        1,
        1,
        null,
        null,
        null,
        null,
        1,
        null,
        null,
        null,
        1,
        1,
        null,
        null,
        null,
        1,
        null,
        null,
        null,
        null,
        1,
        5,
        5,
        null,
        5,
        5,
        10,
        5,
        null,
        0,
        0,
        null,
        null,
        null,
        null,
        null,
        null,
        1,
        5,
        5,
        0,
        0,
        null,
        0,
        0,
        null,
        null,
        null,
        null,
        null,
        null,
        1,
        2,
        2,
        4,
        2,
        null,
        null,
        null,
        1,
        null,
        1,
        null,
        9,
        9,
        9,
        9,
        null,
        null,
        1,
        0,
        0,
        null,
        null,
        null,
        1,
        12,
        null,
        null,
        null,
        null,
        null,
        null,
        null
      ],
      "/Users/nikhgupta/Code/ideas/curated_shop/app/models/follow.rb": [
        1,
        1,
        null
      ],
      "/Users/nikhgupta/Code/ideas/curated_shop/app/models/like.rb": [
        1,
        1,
        null
      ],
      "/Users/nikhgupta/Code/ideas/curated_shop/app/models/comment.rb": [
        1,
        1,
        null,
        1,
        1,
        null,
        5,
        null,
        null,
        null,
        null,
        null
      ]
    },
    "timestamp": 1436590505
  }
}
